<?xml version="1.0" encoding="UTF-8"?>
<!-- Generated by org.testng.reporters.JUnitXMLReporter -->
<testsuite hostname="muvis-MacBook-Air-3.local" ignored="0" name="Default test" tests="3" failures="0" timestamp="16 Jul 2018 11:47:30 GMT" time="47.259" errors="0">
  <testcase name="shouldBeAbleToSearchForHotels" time="4.382" classname="tests.HotelBookingTest"/>
  <testcase name="testThatResultsAppearForAOneWayJourney" time="14.18" classname="tests.FlightBookingTest"/>
  <testcase name="shouldThrowAnErrorIfSignInDetailsAreMissing" time="7.459" classname="tests.SignInTest"/>
</testsuite> <!-- Default test -->
