<?xml version="1.0" encoding="UTF-8"?>
<!-- Generated by org.testng.reporters.JUnitXMLReporter -->
<testsuite hostname="muvis-MacBook-Air-3.local" ignored="0" name="Default test" tests="3" failures="0" timestamp="16 Jul 2018 09:13:03 GMT" time="45.736" errors="0">
  <testcase name="shouldBeAbleToSearchForHotels" time="8.419" classname="tests.HotelBookingTest"/>
  <testcase name="testThatResultsAppearForAOneWayJourney" time="19.346" classname="tests.FlightBookingTest"/>
  <testcase name="shouldThrowAnErrorIfSignInDetailsAreMissing" time="11.817" classname="tests.SignInTest"/>
</testsuite> <!-- Default test -->
