<?xml version="1.0" encoding="UTF-8"?>
<testng-results skipped="0" failed="0" ignored="0" total="3" passed="3">
  <reporter-output>
  </reporter-output>
  <suite name="Default suite" duration-ms="45736" started-at="2018-07-16T09:12:17Z" finished-at="2018-07-16T09:13:03Z">
    <groups>
    </groups>
    <test name="Default test" duration-ms="45736" started-at="2018-07-16T09:12:17Z" finished-at="2018-07-16T09:13:03Z">
      <class name="tests.HotelBookingTest">
        <test-method status="PASS" signature="startBroswer()[pri:0, instance:tests.HotelBookingTest@523884b2]" name="startBroswer" is-config="true" duration-ms="3198" started-at="2018-07-16T14:42:17Z" finished-at="2018-07-16T14:42:20Z">
          <reporter-output>
          </reporter-output>
        </test-method> <!-- startBroswer -->
        <test-method status="PASS" signature="shouldBeAbleToSearchForHotels()[pri:0, instance:tests.HotelBookingTest@523884b2]" name="shouldBeAbleToSearchForHotels" duration-ms="8419" started-at="2018-07-16T14:42:20Z" finished-at="2018-07-16T14:42:29Z">
          <reporter-output>
          </reporter-output>
        </test-method> <!-- shouldBeAbleToSearchForHotels -->
        <test-method status="PASS" signature="quitBroswer()[pri:0, instance:tests.HotelBookingTest@523884b2]" name="quitBroswer" is-config="true" duration-ms="167" started-at="2018-07-16T14:42:29Z" finished-at="2018-07-16T14:42:29Z">
          <reporter-output>
          </reporter-output>
        </test-method> <!-- quitBroswer -->
      </class> <!-- tests.HotelBookingTest -->
      <class name="tests.FlightBookingTest">
        <test-method status="PASS" signature="startBroswer()[pri:0, instance:tests.FlightBookingTest@5b275dab]" name="startBroswer" is-config="true" duration-ms="1230" started-at="2018-07-16T14:42:29Z" finished-at="2018-07-16T14:42:30Z">
          <reporter-output>
          </reporter-output>
        </test-method> <!-- startBroswer -->
        <test-method status="PASS" signature="testThatResultsAppearForAOneWayJourney()[pri:0, instance:tests.FlightBookingTest@5b275dab]" name="testThatResultsAppearForAOneWayJourney" duration-ms="19346" started-at="2018-07-16T14:42:30Z" finished-at="2018-07-16T14:42:49Z">
          <reporter-output>
          </reporter-output>
        </test-method> <!-- testThatResultsAppearForAOneWayJourney -->
        <test-method status="PASS" signature="quitBroswer()[pri:0, instance:tests.FlightBookingTest@5b275dab]" name="quitBroswer" is-config="true" duration-ms="170" started-at="2018-07-16T14:42:49Z" finished-at="2018-07-16T14:42:49Z">
          <reporter-output>
          </reporter-output>
        </test-method> <!-- quitBroswer -->
      </class> <!-- tests.FlightBookingTest -->
      <class name="tests.SignInTest">
        <test-method status="PASS" signature="startBroswer()[pri:0, instance:tests.SignInTest@61832929]" name="startBroswer" is-config="true" duration-ms="1181" started-at="2018-07-16T14:42:50Z" finished-at="2018-07-16T14:42:51Z">
          <reporter-output>
          </reporter-output>
        </test-method> <!-- startBroswer -->
        <test-method status="PASS" signature="shouldThrowAnErrorIfSignInDetailsAreMissing()[pri:0, instance:tests.SignInTest@61832929]" name="shouldThrowAnErrorIfSignInDetailsAreMissing" duration-ms="11817" started-at="2018-07-16T14:42:51Z" finished-at="2018-07-16T14:43:02Z">
          <reporter-output>
          </reporter-output>
        </test-method> <!-- shouldThrowAnErrorIfSignInDetailsAreMissing -->
        <test-method status="PASS" signature="quitBroswer()[pri:0, instance:tests.SignInTest@61832929]" name="quitBroswer" is-config="true" duration-ms="167" started-at="2018-07-16T14:43:02Z" finished-at="2018-07-16T14:43:03Z">
          <reporter-output>
          </reporter-output>
        </test-method> <!-- quitBroswer -->
      </class> <!-- tests.SignInTest -->
    </test> <!-- Default test -->
  </suite> <!-- Default suite -->
</testng-results>
